make all --print-data-base --no-builtin-variables --no-builtin-rules --question
# GNU Make 3.81
# Copyright (C) 2006  Free Software Foundation, Inc.
# This is free software; see the source for copying conditions.
# There is NO warranty; not even for MERCHANTABILITY or FITNESS FOR A
# PARTICULAR PURPOSE.

# This program built for i386-apple-darwin11.3.0

# Make data base, printed on Sat Jul  2 17:57:44 2022

# Variables

# automatic
<D = $(patsubst %/,%,$(dir $<))
# automatic
?F = $(notdir $?)
# environment
VSCODE_LOG_NATIVE = false
# automatic
?D = $(patsubst %/,%,$(dir $?))
# automatic
@D = $(patsubst %/,%,$(dir $@))
# automatic
@F = $(notdir $@)
# makefile
CURDIR := /Users/isaad/Desktop/cpp/cpp00/ex00
# makefile
SHELL = /bin/sh
# environment
VSCODE_NLS_CONFIG = {"locale":"en-us","availableLanguages":{},"_languagePackSupport":true}
# environment
_ = /usr/bin/make
# makefile (from `Makefile', line 1)
MAKEFILE_LIST :=  Makefile
# environment
VSCODE_VERBOSE_LOGGING = true
# environment
__CFBundleIdentifier = com.microsoft.VSCode
# environment
INFOPATH = /opt/homebrew/share/info:
# environment
VSCODE_IPC_HOOK_EXTHOST = /var/folders/y9/1990m92d56z0c3dbxcm0ggs00000gn/T/vscode-ipc-ffae58d3-ffa2-4ea9-8e3a-139731648695.sock
# environment
VSCODE_CWD = /
# environment
PATH = /Users/isaad/.pyenv/shims:/opt/homebrew/bin:/opt/homebrew/sbin:/usr/local/bin:/usr/bin:/bin:/usr/sbin:/sbin:/Users/isaad/42-ValgrindContainer
# environment
VSCODE_LOG_STACK = false
# environment
ELECTRON_RUN_AS_NODE = 1
# default
.FEATURES := target-specific order-only second-expansion else-if archives jobserver check-symlink
# environment
SSH_AUTH_SOCK = /private/tmp/com.apple.launchd.iJIK0R77C2/Listeners
# automatic
%F = $(notdir $%)
# environment
VSCODE_PIPE_LOGGING = true
# makefile (from `Makefile', line 3)
OBJS = $(SRCS:.cpp=.o)
# environment
PWD = /Users/isaad/Desktop/cpp/cpp00/ex00
# environment
HOMEBREW_CELLAR = /opt/homebrew/Cellar
# environment
ORIGINAL_XDG_CURRENT_DESKTOP = undefined
# environment
MANPATH = /opt/homebrew/share/man::
# environment
VSCODE_AMD_ENTRYPOINT = vs/workbench/api/node/extensionHostProcess
# environment
PYENV_SHELL = zsh
# environment
HOME = /Users/isaad
# default
MAKEFILEPATH = $(shell /usr/bin/xcode-select -print-path 2>/dev/null || echo /Developer)/Makefiles
# environment
VSCODE_CODE_CACHE_PATH = /Users/isaad/Library/Application Support/Code/CachedData/30d9c6cd9483b2cc586687151bcbcd635f373630
# environment
LOGNAME = isaad
# environment
APPLICATION_INSIGHTS_NO_DIAGNOSTIC_CHANNEL = 1
# environment
VSCODE_HANDLES_UNCAUGHT_ERRORS = true
# automatic
^D = $(patsubst %/,%,$(dir $^))
# environment
XPC_FLAGS = 0x0
# default
MAKE = $(MAKE_COMMAND)
# default
MAKECMDGOALS := all
# makefile (from `Makefile', line 1)
SRCS = megaphone.cpp
# environment
SHLVL = 1
# makefile (from `Makefile', line 5)
CC = clang++
# default
MAKE_VERSION := 3.81
# environment
USER = isaad
# makefile
.DEFAULT_GOAL := 
# automatic
%D = $(patsubst %/,%,$(dir $%))
# default
MAKE_COMMAND := /Library/Developer/CommandLineTools/usr/bin/make
# default
.VARIABLES := 
# environment
TMPDIR = /var/folders/y9/1990m92d56z0c3dbxcm0ggs00000gn/T/
# automatic
*F = $(notdir $*)
# environment
VSCODE_IPC_HOOK = /Users/isaad/Library/Application Support/Code/1.68.1-main.sock
# makefile
MAKEFLAGS = Rrqp
# environment
MFLAGS = -Rrqp
# automatic
*D = $(patsubst %/,%,$(dir $*))
# environment
XPC_SERVICE_NAME = application.com.microsoft.VSCode.7732941.7732947
# environment
HOMEBREW_PREFIX = /opt/homebrew
# automatic
+D = $(patsubst %/,%,$(dir $+))
# automatic
+F = $(notdir $+)
# environment
HOMEBREW_REPOSITORY = /opt/homebrew
# environment
__CF_USER_TEXT_ENCODING = 0x1F5:0x0:0x0
# environment
COMMAND_MODE = unix2003
# default
MAKEFILES := 
# automatic
<F = $(notdir $<)
# environment
LC_ALL = C
# automatic
^F = $(notdir $^)
# default
SUFFIXES := 
# default
.INCLUDE_DIRS = /usr/local/include
# environment
MAKELEVEL := 0
# environment
LANG = C
# environment
VSCODE_PID = 42148
# variable set hash-table stats:
# Load=71/1024=7%, Rehash=0, Collisions=3/86=3%

# Pattern-specific Variable Values

# No pattern-specific variable values.

# Directories

# . (device 16777233, inode 7967776): 6 files, no impossibilities.

# 6 files, no impossibilities in 1 directories.

# Implicit Rules

# No implicit rules.

# Files

# Not a target:
all:
#  Command-line target.
#  Implicit rule search has not been done.
#  Modification time never checked.
#  File has not been updated.

# Not a target:
.SUFFIXES:
#  Implicit rule search has not been done.
#  Modification time never checked.
#  File has not been updated.

# Not a target:
Makefile:
#  Implicit rule search has not been done.
#  Modification time never checked.
#  File has not been updated.

# Not a target:
.DEFAULT:
#  Implicit rule search has not been done.
#  Modification time never checked.
#  File has not been updated.

# files hash-table stats:
# Load=4/1024=0%, Rehash=0, Collisions=0/5=0%
# VPATH Search Paths

# No `vpath' search paths.

# No general (`VPATH' variable) search path.

# # of strings in strcache: 1
# # of strcache buffers: 1
# strcache size: total = 4096 / max = 4096 / min = 4096 / avg = 4096
# strcache free: total = 4087 / max = 4087 / min = 4087 / avg = 4087

# Finished Make data base on Sat Jul  2 17:57:44 2022

 
Makefile:7: *** empty variable name.  Stop.

